{"level":"warn","message":"DATABASE_URL not set - using in-memory storage (data will be lost on restart)","service":"kompite-mvp","timestamp":"2026-01-30 18:49:46.650","titular":"Yordy Jesús Rojas Baldeon"}
{"level":"warn","message":"Self-signed certificate created - replace with proper SSL cert for production","service":"kompite-mvp","timestamp":"2026-01-30 18:49:46.875","titular":"Yordy Jesús Rojas Baldeon"}
{"error":"error:04800064:PEM routines::bad base64 decode","level":"warn","message":"Could not setup HTTPS - using HTTP only","service":"kompite-mvp","timestamp":"2026-01-30 18:49:46.913","titular":"Yordy Jesús Rojas Baldeon"}
{"level":"warn","message":"DATABASE_URL not set - using in-memory storage (data will be lost on restart)","service":"kompite-mvp","timestamp":"2026-01-30 18:49:47.978","titular":"Yordy Jesús Rojas Baldeon"}
{"error":"error:04800064:PEM routines::bad base64 decode","level":"warn","message":"Could not setup HTTPS - using HTTP only","service":"kompite-mvp","timestamp":"2026-01-30 18:49:48.021","titular":"Yordy Jesús Rojas Baldeon"}
{"level":"warn","message":"DATABASE_URL not set - using in-memory storage (data will be lost on restart)","service":"kompite-mvp","timestamp":"2026-01-30 18:49:55.008","titular":"Yordy Jesús Rojas Baldeon"}
{"error":"error:04800064:PEM routines::bad base64 decode","level":"warn","message":"Could not setup HTTPS - using HTTP only","service":"kompite-mvp","timestamp":"2026-01-30 18:49:55.050","titular":"Yordy Jesús Rojas Baldeon"}
{"level":"warn","message":"DATABASE_URL not set - using in-memory storage (data will be lost on restart)","service":"kompite-mvp","timestamp":"2026-01-30 18:54:51.553","titular":"Yordy Jesús Rojas Baldeon"}
{"error":"error:04800064:PEM routines::bad base64 decode","level":"warn","message":"Could not setup HTTPS - using HTTP only","service":"kompite-mvp","timestamp":"2026-01-30 18:54:51.623","titular":"Yordy Jesús Rojas Baldeon"}
{"level":"warn","message":"DATABASE_URL not set - using in-memory storage (data will be lost on restart)","service":"kompite-mvp","timestamp":"2026-01-30 19:03:59.269","titular":"Yordy Jesús Rojas Baldeon"}
{"error":"error:04800064:PEM routines::bad base64 decode","level":"warn","message":"Could not setup HTTPS - using HTTP only","service":"kompite-mvp","timestamp":"2026-01-30 19:03:59.309","titular":"Yordy Jesús Rojas Baldeon"}
{"level":"warn","message":"DATABASE_URL not set - using in-memory storage (data will be lost on restart)","service":"kompite-mvp","timestamp":"2026-01-30 19:05:00.438","titular":"Yordy Jesús Rojas Baldeon"}
{"error":"error:04800064:PEM routines::bad base64 decode","level":"warn","message":"Could not setup HTTPS - using HTTP only","service":"kompite-mvp","timestamp":"2026-01-30 19:05:00.484","titular":"Yordy Jesús Rojas Baldeon"}
{"level":"warn","message":"DATABASE_URL not set - using in-memory storage (data will be lost on restart)","service":"kompite-mvp","timestamp":"2026-01-30 19:05:31.004","titular":"Yordy Jesús Rojas Baldeon"}
{"error":"error:04800064:PEM routines::bad base64 decode","level":"warn","message":"Could not setup HTTPS - using HTTP only","service":"kompite-mvp","timestamp":"2026-01-30 19:05:31.044","titular":"Yordy Jesús Rojas Baldeon"}
{"level":"warn","message":"DATABASE_URL not set - using in-memory storage (data will be lost on restart)","service":"kompite-mvp","timestamp":"2026-01-30 19:06:18.323","titular":"Yordy Jesús Rojas Baldeon"}
{"error":"error:04800064:PEM routines::bad base64 decode","level":"warn","message":"Could not setup HTTPS - using HTTP only","service":"kompite-mvp","timestamp":"2026-01-30 19:06:18.364","titular":"Yordy Jesús Rojas Baldeon"}
{"action":"UNCAUGHT_EXCEPTION","error":"listen EADDRINUSE: address already in use 0.0.0.0:8000","level":"error","message":"Uncaught exception","service":"kompite-mvp","stack":"Error: listen EADDRINUSE: address already in use 0.0.0.0:8000\n    at Server.setupListenHandle [as _listen2] (node:net:1908:16)\n    at listenInCluster (node:net:1965:12)\n    at doListen (node:net:2139:7)\n    at process.processTicksAndRejections (node:internal/process/task_queues:83:21)","timestamp":"2026-01-30 19:06:18.373","titular":"Yordy Jesús Rojas Baldeon"}
{"level":"warn","message":"DATABASE_URL not set - using in-memory storage (data will be lost on restart)","service":"kompite-mvp","timestamp":"2026-01-30 19:06:19.151","titular":"Yordy Jesús Rojas Baldeon"}
{"error":"error:04800064:PEM routines::bad base64 decode","level":"warn","message":"Could not setup HTTPS - using HTTP only","service":"kompite-mvp","timestamp":"2026-01-30 19:06:19.189","titular":"Yordy Jesús Rojas Baldeon"}
{"level":"warn","message":"DATABASE_URL not set - using in-memory storage (data will be lost on restart)","service":"kompite-mvp","timestamp":"2026-01-30 19:06:53.591","titular":"Yordy Jesús Rojas Baldeon"}
{"error":"error:04800064:PEM routines::bad base64 decode","level":"warn","message":"Could not setup HTTPS - using HTTP only","service":"kompite-mvp","timestamp":"2026-01-30 19:06:53.634","titular":"Yordy Jesús Rojas Baldeon"}
{"level":"warn","message":"DATABASE_URL not set - using in-memory storage (data will be lost on restart)","service":"kompite-mvp","timestamp":"2026-01-30 19:07:17.222","titular":"Yordy Jesús Rojas Baldeon"}
{"error":"error:04800064:PEM routines::bad base64 decode","level":"warn","message":"Could not setup HTTPS - using HTTP only","service":"kompite-mvp","timestamp":"2026-01-30 19:07:17.262","titular":"Yordy Jesús Rojas Baldeon"}
{"level":"warn","message":"DATABASE_URL not set - using in-memory storage (data will be lost on restart)","service":"kompite-mvp","timestamp":"2026-01-30 19:08:16.444","titular":"Yordy Jesús Rojas Baldeon"}
{"error":"error:04800064:PEM routines::bad base64 decode","level":"warn","message":"Could not setup HTTPS - using HTTP only","service":"kompite-mvp","timestamp":"2026-01-30 19:08:16.486","titular":"Yordy Jesús Rojas Baldeon"}
{"action":"SOCKET_ANON","level":"warn","message":"Anonymous socket connection","service":"kompite-mvp","socketId":"MeShLcPNhCkM2ULuAAAB","timestamp":"2026-01-30 19:10:32.540","titular":"Yordy Jesús Rojas Baldeon"}
{"action":"SOCKET_ANON","level":"warn","message":"Anonymous socket connection","service":"kompite-mvp","socketId":"DgkeFLs9lMBVRqOCAAAF","timestamp":"2026-01-30 19:12:20.743","titular":"Yordy Jesús Rojas Baldeon"}
{"level":"warn","message":"DATABASE_URL not set - using in-memory storage (data will be lost on restart)","service":"kompite-mvp","timestamp":"2026-01-30 20:06:41.195","titular":"Yordy Jesús Rojas Baldeon"}
{"error":"error:04800064:PEM routines::bad base64 decode","level":"warn","message":"Could not setup HTTPS - using HTTP only","service":"kompite-mvp","timestamp":"2026-01-30 20:06:41.235","titular":"Yordy Jesús Rojas Baldeon"}
